#
# There is insufficient memory for the Java Runtime Environment to continue.
# Native memory allocation (mmap) failed to map 268435456 bytes for G1 virtual space
# Possible reasons:
#   The system is out of physical RAM or swap space
#   The process is running with CompressedOops enabled, and the Java Heap may be blocking the growth of the native heap
# Possible solutions:
#   Reduce memory load on the system
#   Increase physical memory or swap space
#   Check if swap backing store is full
#   Decrease Java heap size (-Xmx/-Xms)
#   Decrease number of Java threads
#   Decrease Java thread stack sizes (-Xss)
#   Set larger code cache with -XX:ReservedCodeCacheSize=
#   JVM is running with Zero Based Compressed Oops mode in which the Java heap is
#     placed in the first 32GB address space. The Java Heap base address is the
#     maximum limit for the native heap growth. Please use -XX:HeapBaseMinAddress
#     to set the Java Heap base and to place the Java Heap above 32GB virtual address.
# This output file may be truncated or incomplete.
#
#  Out of Memory Error (os_windows.cpp:3603), pid=8644, tid=7604
#
# JRE version:  (21.0.9+7) (build )
# Java VM: Java HotSpot(TM) 64-Bit Server VM (21.0.9+7-LTS-338, mixed mode, sharing, tiered, compressed oops, compressed class ptrs, g1 gc, windows-amd64)
# No core dump will be written. Minidumps are not enabled by default on client versions of Windows
#

---------------  S U M M A R Y ------------

Command Line: -Dfile.encoding=UTF-8 -Dstdout.encoding=UTF-8 -Dstderr.encoding=UTF-8 -XX:+ShowCodeDetailsInExceptionMessages multiexample.String_example05

Host: Intel(R) Core(TM) i5-8500 CPU @ 3.00GHz, 6 cores, 15G,  Windows 10 , 64 bit Build 19041 (10.0.19041.5915)
Time: Mon Jan  5 16:05:18 2026 elapsed time: 0.041649 seconds (0d 0h 0m 0s)

---------------  T H R E A D  ---------------

Current thread (0x000002575259a290):  JavaThread "Unknown thread" [_thread_in_vm, id=7604, stack(0x000000e89a000000,0x000000e89a100000) (1024K)]

Stack: [0x000000e89a000000,0x000000e89a100000]
Native frames: (J=compiled Java code, j=interpreted, Vv=VM code, C=native code)
V  [jvm.dll+0x6cbf89]
V  [jvm.dll+0x858421]
V  [jvm.dll+0x85a94e]
V  [jvm.dll+0x85b023]
V  [jvm.dll+0x27ebc6]
V  [jvm.dll+0x6c8705]
V  [jvm.dll+0x6bd26a]
V  [jvm.dll+0x354a0a]
V  [jvm.dll+0x35c686]
V  [jvm.dll+0x3af79e]
V  [jvm.dll+0x3afa48]
V  [jvm.dll+0x328d1c]
V  [jvm.dll+0x32987b]
V  [jvm.dll+0x821739]
V  [jvm.dll+0x3bc481]
V  [jvm.dll+0x80a9b8]
V  [jvm.dll+0x45166e]
V  [jvm.dll+0x453261]
C  [jli.dll+0x52a3]
C  [ucrtbase.dll+0x21bb2]
C  [KERNEL32.DLL+0x17374]
C  [ntdll.dll+0x4cc91]


---------------  P R O C E S S  ---------------

Threads class SMR info:
_java_thread_list=0x00007ffe69dbfc08, length=0, elements={
}

Java Threads: ( => current thread )
Total: 0

Other Threads:
  0x000002575289e260 WorkerThread "GC Thread#0"                     [id=8660, stack(0x000000e89a100000,0x000000e89a200000) (1024K)]
  0x00000257528af8b0 ConcurrentGCThread "G1 Main Marker"            [id=16340, stack(0x000000e89a200000,0x000000e89a300000) (1024K)]
  0x00000257528b1c30 WorkerThread "G1 Conc#0"                       [id=13636, stack(0x000000e89a300000,0x000000e89a400000) (1024K)]

[error occurred during error reporting (printing all threads), id 0xc0000005, EXCEPTION_ACCESS_VIOLATION (0xc0000005) at pc=0x00007ffe6952b4a7]
VM state: not at safepoint (not fully initialized)

VM Mutex/Monitor currently owned by a thread:  ([mutex/lock_event])
[0x00007ffe69e30ef0] Heap_lock - owner thread: 0x000002575259a290

Heap address: 0x0000000700c00000, size: 4084 MB, Compressed Oops mode: Zero based, Oop shift amount: 3

CDS archive(s) mapped at: [0x0000000000000000-0x0000000000000000-0x0000000000000000), size 0, SharedBaseAddress: 0x0000000800000000, ArchiveRelocationMode: 1.
Narrow klass base: 0x0000000000000000, Narrow klass shift: 0, Narrow klass range: 0x0

GC Precious Log:
 CardTable entry size: 512
 Card Set container configuration: InlinePtr #cards 4 size 8 Array Of Cards #cards 16 size 48 Howl #buckets 8 coarsen threshold 3686 Howl Bitmap #cards 512 size 80 coarsen threshold 460 Card regions per heap region 1 cards per card region 4096

Heap:
 garbage-first heap   total 0K, used 0K [0x0000000700c00000, 0x0000000800000000)
  region size 2048K, 0 young (0K), 0 survivors (0K)

[error occurred during error reporting (printing heap information), id 0xc0000005, EXCEPTION_ACCESS_VIOLATION (0xc0000005) at pc=0x00007ffe69914ff9]
GC Heap History (0 events):
No events

Dll operation events (1 events):
Event: 0.008 Loaded shared library C:\Program Files\Java\jdk-21\bin\java.dll

Deoptimization events (0 events):
No events

Classes loaded (0 events):
No events

Classes unloaded (0 events):
No events

Classes redefined (0 events):
No events

Internal exceptions (0 events):
No events

ZGC Phase Switch (0 events):
No events

VM Operations (0 events):
No events

Events (0 events):
No events


Dynamic libraries:
0x00007ff7c3780000 - 0x00007ff7c3790000 	C:\Program Files\Java\jdk-21\bin\javaw.exe
0x00007ffec0e10000 - 0x00007ffec1008000 	C:\Windows\SYSTEM32\ntdll.dll
0x00007ffebf610000 - 0x00007ffebf6d2000 	C:\Windows\System32\KERNEL32.DLL
0x00007ffebeb00000 - 0x00007ffebedf6000 	C:\Windows\System32\KERNELBASE.dll
0x00007ffebe4a0000 - 0x00007ffebe5a0000 	C:\Windows\System32\ucrtbase.dll
0x00007ffeb9530000 - 0x00007ffeb9549000 	C:\Program Files\Java\jdk-21\bin\jli.dll
0x00007ffebfeb0000 - 0x00007ffebff61000 	C:\Windows\System32\ADVAPI32.dll
0x00007ffeb92f0000 - 0x00007ffeb930b000 	C:\Program Files\Java\jdk-21\bin\VCRUNTIME140.dll
0x00007ffebfd50000 - 0x00007ffebfdee000 	C:\Windows\System32\msvcrt.dll
0x00007ffec0710000 - 0x00007ffec07af000 	C:\Windows\System32\sechost.dll
0x00007ffec0cb0000 - 0x00007ffec0dd0000 	C:\Windows\System32\RPCRT4.dll
0x00007ffebea80000 - 0x00007ffebeaa7000 	C:\Windows\System32\bcrypt.dll
0x00007ffebff70000 - 0x00007ffec0111000 	C:\Windows\System32\USER32.dll
0x00007ffebee00000 - 0x00007ffebee22000 	C:\Windows\System32\win32u.dll
0x00007ffec0af0000 - 0x00007ffec0b1b000 	C:\Windows\System32\GDI32.dll
0x00007ffebe6b0000 - 0x00007ffebe7c9000 	C:\Windows\System32\gdi32full.dll
0x00007ffea9fd0000 - 0x00007ffeaa26b000 	C:\Windows\WinSxS\amd64_microsoft.windows.common-controls_6595b64144ccf1df_6.0.19041.6456_none_60b8a6cb71f64256\COMCTL32.dll
0x00007ffebe880000 - 0x00007ffebe91d000 	C:\Windows\System32\msvcp_win.dll
0x00007ffeb8700000 - 0x00007ffeb870a000 	C:\Windows\SYSTEM32\VERSION.dll
0x00007ffebfbf0000 - 0x00007ffebfc1f000 	C:\Windows\System32\IMM32.DLL
0x00007ffeb97d0000 - 0x00007ffeb97dc000 	C:\Program Files\Java\jdk-21\bin\vcruntime140_1.dll
0x00007ffea4fe0000 - 0x00007ffea506e000 	C:\Program Files\Java\jdk-21\bin\msvcp140.dll
0x00007ffe691f0000 - 0x00007ffe69f0d000 	C:\Program Files\Java\jdk-21\bin\server\jvm.dll
0x00007ffec0b30000 - 0x00007ffec0b9b000 	C:\Windows\System32\WS2_32.dll
0x00007ffebe300000 - 0x00007ffebe34b000 	C:\Windows\SYSTEM32\POWRPROF.dll
0x00007ffeb4770000 - 0x00007ffeb4797000 	C:\Windows\SYSTEM32\WINMM.dll
0x00007ffebe2e0000 - 0x00007ffebe2f2000 	C:\Windows\SYSTEM32\UMPDC.dll
0x00007ffebc300000 - 0x00007ffebc312000 	C:\Windows\SYSTEM32\kernel.appcore.dll
0x00007ffeb92e0000 - 0x00007ffeb92ea000 	C:\Program Files\Java\jdk-21\bin\jimage.dll
0x00007ffeb3bb0000 - 0x00007ffeb3db1000 	C:\Windows\SYSTEM32\DBGHELP.DLL
0x00007ffea4f60000 - 0x00007ffea4f94000 	C:\Windows\SYSTEM32\dbgcore.DLL
0x00007ffebe620000 - 0x00007ffebe6a2000 	C:\Windows\System32\bcryptPrimitives.dll
0x00007ffea96b0000 - 0x00007ffea96cf000 	C:\Program Files\Java\jdk-21\bin\java.dll

dbghelp: loaded successfully - version: 4.0.5 - missing functions: none
symbol engine: initialized successfully - sym options: 0x614 - pdb path: .;C:\Program Files\Java\jdk-21\bin;C:\Windows\SYSTEM32;C:\Windows\WinSxS\amd64_microsoft.windows.common-controls_6595b64144ccf1df_6.0.19041.6456_none_60b8a6cb71f64256;C:\Program Files\Java\jdk-21\bin\server

VM Arguments:
jvm_args: -Dfile.encoding=UTF-8 -Dstdout.encoding=UTF-8 -Dstderr.encoding=UTF-8 -XX:+ShowCodeDetailsInExceptionMessages 
java_command: multiexample.String_example05
java_class_path (initial): C:\JavaClass\chapter04\bin
Launcher Type: SUN_STANDARD

[Global flags]
     intx CICompilerCount                          = 3                                         {product} {ergonomic}
     uint ConcGCThreads                            = 2                                         {product} {ergonomic}
     uint G1ConcRefinementThreads                  = 6                                         {product} {ergonomic}
   size_t G1HeapRegionSize                         = 2097152                                   {product} {ergonomic}
    uintx GCDrainStackTargetSize                   = 64                                        {product} {ergonomic}
   size_t InitialHeapSize                          = 268435456                                 {product} {ergonomic}
   size_t MarkStackSize                            = 4194304                                   {product} {ergonomic}
   size_t MaxHeapSize                              = 4282384384                                {product} {ergonomic}
   size_t MinHeapDeltaBytes                        = 2097152                                   {product} {ergonomic}
   size_t MinHeapSize                              = 8388608                                   {product} {ergonomic}
    uintx NonNMethodCodeHeapSize                   = 5832780                                {pd product} {ergonomic}
    uintx NonProfiledCodeHeapSize                  = 122912730                              {pd product} {ergonomic}
    uintx ProfiledCodeHeapSize                     = 122912730                              {pd product} {ergonomic}
    uintx ReservedCodeCacheSize                    = 251658240                              {pd product} {ergonomic}
     bool SegmentedCodeCache                       = true                                      {product} {ergonomic}
     bool ShowCodeDetailsInExceptionMessages       = true                                   {manageable} {command line}
   size_t SoftMaxHeapSize                          = 4282384384                             {manageable} {ergonomic}
     bool UseCompressedOops                        = true                           {product lp64_product} {ergonomic}
     bool UseG1GC                                  = true                                      {product} {ergonomic}
     bool UseLargePagesIndividualAllocation        = false                                  {pd product} {ergonomic}

Logging:
Log output configuration:
 #0: stdout all=warning uptime,level,tags foldmultilines=false
 #1: stderr all=off uptime,level,tags foldmultilines=false

Environment Variables:
PATH=%JAVA_HOME%\bin;C:\Program Files\Common Files\Oracle\Java\javapath;C:\Program Files (x86)\Common Files\Intel\Shared Libraries\redist\intel64_win\compiler;C:\Windows\system32;C:\Windows;C:\Windows\System32\Wbem;C:\Windows\System32\WindowsPowerShell\v1.0\;C:\Windows\System32\OpenSSH\;C:\Program Files\Bandizip\;C:\Program Files\dotnet\;C:\Program Files\Common Files\Autodesk Shared\;C:\Program Files\Microsoft SQL Server\120\Tools\Binn\;C:\Program Files\Git\cmd;C:\Program Files\nodejs\;C:\Users\Administrator\AppData\Local\Microsoft\WindowsApps;C:\Users\Administrator\AppData\Local\Programs\Microsoft VS Code\bin;C:\Users\Administrator\AppData\Roaming\npm
USERNAME=Administrator
OS=Windows_NT
PROCESSOR_IDENTIFIER=Intel64 Family 6 Model 158 Stepping 10, GenuineIntel
TMP=C:\Users\ADMINI~1\AppData\Local\Temp
TEMP=C:\Users\ADMINI~1\AppData\Local\Temp




Periodic native trim disabled

---------------  S Y S T E M  ---------------

OS:
 Windows 10 , 64 bit Build 19041 (10.0.19041.5915)
OS uptime: 0 days 6:50 hours

CPU: total 6 (initial active 6) (6 cores per cpu, 1 threads per core) family 6 model 158 stepping 10 microcode 0xb4, cx8, cmov, fxsr, mmx, 3dnowpref, sse, sse2, sse3, ssse3, sse4.1, sse4.2, popcnt, lzcnt, tsc, tscinvbit, avx, avx2, aes, erms, clmul, bmi1, bmi2, rtm, adx, fma, vzeroupper, clflush, clflushopt, rdtscp, f16c
Processor Information for all 6 processors :
  Max Mhz: 3000, Current Mhz: 3000, Mhz Limit: 3000

Memory: 4k page, system-wide physical 16332M (9226M free)
TotalPageFile size 18336M (AvailPageFile size 112M)
current process WorkingSet (physical memory assigned to process): 10M, peak: 10M
current process commit charge ("private bytes"): 56M, peak: 312M

vm_info: Java HotSpot(TM) 64-Bit Server VM (21.0.9+7-LTS-338) for windows-amd64 JRE (21.0.9+7-LTS-338), built on 2025-09-26T06:33:49Z by "mach5run" with MS VC++ 17.6 (VS2022)

END.
