#
# There is insufficient memory for the Java Runtime Environment to continue.
# Native memory allocation (mmap) failed to map 268435456 bytes for G1 virtual space
# Possible reasons:
#   The system is out of physical RAM or swap space
#   The process is running with CompressedOops enabled, and the Java Heap may be blocking the growth of the native heap
# Possible solutions:
#   Reduce memory load on the system
#   Increase physical memory or swap space
#   Check if swap backing store is full
#   Decrease Java heap size (-Xmx/-Xms)
#   Decrease number of Java threads
#   Decrease Java thread stack sizes (-Xss)
#   Set larger code cache with -XX:ReservedCodeCacheSize=
#   JVM is running with Zero Based Compressed Oops mode in which the Java heap is
#     placed in the first 32GB address space. The Java Heap base address is the
#     maximum limit for the native heap growth. Please use -XX:HeapBaseMinAddress
#     to set the Java Heap base and to place the Java Heap above 32GB virtual address.
# This output file may be truncated or incomplete.
#
#  Out of Memory Error (os_windows.cpp:3603), pid=6480, tid=12688
#
# JRE version:  (21.0.9+7) (build )
# Java VM: Java HotSpot(TM) 64-Bit Server VM (21.0.9+7-LTS-338, mixed mode, sharing, tiered, compressed oops, compressed class ptrs, g1 gc, windows-amd64)
# No core dump will be written. Minidumps are not enabled by default on client versions of Windows
#

---------------  S U M M A R Y ------------

Command Line: -Dfile.encoding=UTF-8 -Dstdout.encoding=UTF-8 -Dstderr.encoding=UTF-8 -XX:+ShowCodeDetailsInExceptionMessages example.Arrtest10

Host: Intel(R) Core(TM) i5-8500 CPU @ 3.00GHz, 6 cores, 15G,  Windows 10 , 64 bit Build 19041 (10.0.19041.5915)
Time: Fri Jan  2 15:49:36 2026 elapsed time: 0.014267 seconds (0d 0h 0m 0s)

---------------  T H R E A D  ---------------

Current thread (0x000001dcc077c2f0):  JavaThread "Unknown thread" [_thread_in_vm, id=12688, stack(0x000000ab56500000,0x000000ab56600000) (1024K)]

Stack: [0x000000ab56500000,0x000000ab56600000]
Native frames: (J=compiled Java code, j=interpreted, Vv=VM code, C=native code)
V  [jvm.dll+0x6cbf89]
V  [jvm.dll+0x858421]
V  [jvm.dll+0x85a94e]
V  [jvm.dll+0x85b023]
V  [jvm.dll+0x27ebc6]
V  [jvm.dll+0x6c8705]
V  [jvm.dll+0x6bd26a]
V  [jvm.dll+0x354a0a]
V  [jvm.dll+0x35c686]
V  [jvm.dll+0x3af79e]
V  [jvm.dll+0x3afa48]
V  [jvm.dll+0x328d1c]
V  [jvm.dll+0x32987b]
V  [jvm.dll+0x821739]
V  [jvm.dll+0x3bc481]
V  [jvm.dll+0x80a9b8]
V  [jvm.dll+0x45166e]
V  [jvm.dll+0x453261]
C  [jli.dll+0x52a3]
C  [ucrtbase.dll+0x21bb2]
C  [KERNEL32.DLL+0x17374]
C  [ntdll.dll+0x4cc91]


---------------  P R O C E S S  ---------------

Threads class SMR info:
_java_thread_list=0x00007ffc9ae3fc08, length=0, elements={
}

Java Threads: ( => current thread )
Total: 0

Other Threads:
  0x000001dcc295ee30 WorkerThread "GC Thread#0"                     [id=10832, stack(0x000000ab56600000,0x000000ab56700000) (1024K)]
  0x000001dcc2970480 ConcurrentGCThread "G1 Main Marker"            [id=10192, stack(0x000000ab56700000,0x000000ab56800000) (1024K)]
  0x000001dcc2972800 WorkerThread "G1 Conc#0"                       [id=6764, stack(0x000000ab56800000,0x000000ab56900000) (1024K)]

[error occurred during error reporting (printing all threads), id 0xc0000005, EXCEPTION_ACCESS_VIOLATION (0xc0000005) at pc=0x00007ffc9a5ab4a7]
VM state: not at safepoint (not fully initialized)

VM Mutex/Monitor currently owned by a thread:  ([mutex/lock_event])
[0x00007ffc9aeb0ef0] Heap_lock - owner thread: 0x000001dcc077c2f0

Heap address: 0x0000000700c00000, size: 4084 MB, Compressed Oops mode: Zero based, Oop shift amount: 3

CDS archive(s) mapped at: [0x0000000000000000-0x0000000000000000-0x0000000000000000), size 0, SharedBaseAddress: 0x0000000800000000, ArchiveRelocationMode: 1.
Narrow klass base: 0x0000000000000000, Narrow klass shift: 0, Narrow klass range: 0x0

GC Precious Log:
 CardTable entry size: 512
 Card Set container configuration: InlinePtr #cards 4 size 8 Array Of Cards #cards 16 size 48 Howl #buckets 8 coarsen threshold 3686 Howl Bitmap #cards 512 size 80 coarsen threshold 460 Card regions per heap region 1 cards per card region 4096

Heap:
 garbage-first heap   total 0K, used 0K [0x0000000700c00000, 0x0000000800000000)
  region size 2048K, 0 young (0K), 0 survivors (0K)

[error occurred during error reporting (printing heap information), id 0xc0000005, EXCEPTION_ACCESS_VIOLATION (0xc0000005) at pc=0x00007ffc9a994ff9]
GC Heap History (0 events):
No events

Dll operation events (1 events):
Event: 0.008 Loaded shared library C:\Program Files\Java\jdk-21\bin\java.dll

Deoptimization events (0 events):
No events

Classes loaded (0 events):
No events

Classes unloaded (0 events):
No events

Classes redefined (0 events):
No events

Internal exceptions (0 events):
No events

ZGC Phase Switch (0 events):
No events

VM Operations (0 events):
No events

Events (0 events):
No events


Dynamic libraries:
0x00007ff6f20f0000 - 0x00007ff6f2100000 	C:\Program Files\Java\jdk-21\bin\javaw.exe
0x00007ffceea90000 - 0x00007ffceec88000 	C:\Windows\SYSTEM32\ntdll.dll
0x00007ffcecbe0000 - 0x00007ffcecca2000 	C:\Windows\System32\KERNEL32.DLL
0x00007ffcec2b0000 - 0x00007ffcec5a6000 	C:\Windows\System32\KERNELBASE.dll
0x00007ffcec6f0000 - 0x00007ffcec7f0000 	C:\Windows\System32\ucrtbase.dll
0x00007ffce93d0000 - 0x00007ffce93e9000 	C:\Program Files\Java\jdk-21\bin\jli.dll
0x00007ffce9430000 - 0x00007ffce944b000 	C:\Program Files\Java\jdk-21\bin\VCRUNTIME140.dll
0x00007ffcee630000 - 0x00007ffcee6e1000 	C:\Windows\System32\ADVAPI32.dll
0x00007ffced870000 - 0x00007ffced90e000 	C:\Windows\System32\msvcrt.dll
0x00007ffced5b0000 - 0x00007ffced64f000 	C:\Windows\System32\sechost.dll
0x00007ffcecac0000 - 0x00007ffcecbe0000 	C:\Windows\System32\RPCRT4.dll
0x00007ffcec5b0000 - 0x00007ffcec5d7000 	C:\Windows\System32\bcrypt.dll
0x00007ffcee360000 - 0x00007ffcee501000 	C:\Windows\System32\USER32.dll
0x00007ffcec120000 - 0x00007ffcec142000 	C:\Windows\System32\win32u.dll
0x00007ffcee150000 - 0x00007ffcee17b000 	C:\Windows\System32\GDI32.dll
0x00007ffcec7f0000 - 0x00007ffcec909000 	C:\Windows\System32\gdi32full.dll
0x00007ffcd8010000 - 0x00007ffcd82ab000 	C:\Windows\WinSxS\amd64_microsoft.windows.common-controls_6595b64144ccf1df_6.0.19041.6456_none_60b8a6cb71f64256\COMCTL32.dll
0x00007ffceca10000 - 0x00007ffcecaad000 	C:\Windows\System32\msvcp_win.dll
0x00007ffce6300000 - 0x00007ffce630a000 	C:\Windows\SYSTEM32\VERSION.dll
0x00007ffced790000 - 0x00007ffced7bf000 	C:\Windows\System32\IMM32.DLL
0x00007ffce93c0000 - 0x00007ffce93cc000 	C:\Program Files\Java\jdk-21\bin\vcruntime140_1.dll
0x00007ffcd3290000 - 0x00007ffcd331e000 	C:\Program Files\Java\jdk-21\bin\msvcp140.dll
0x00007ffc9a270000 - 0x00007ffc9af8d000 	C:\Program Files\Java\jdk-21\bin\server\jvm.dll
0x00007ffcee0e0000 - 0x00007ffcee14b000 	C:\Windows\System32\WS2_32.dll
0x00007ffcebf80000 - 0x00007ffcebfcb000 	C:\Windows\SYSTEM32\POWRPROF.dll
0x00007ffce24c0000 - 0x00007ffce24e7000 	C:\Windows\SYSTEM32\WINMM.dll
0x00007ffcebf60000 - 0x00007ffcebf72000 	C:\Windows\SYSTEM32\UMPDC.dll
0x00007ffce9f80000 - 0x00007ffce9f92000 	C:\Windows\SYSTEM32\kernel.appcore.dll
0x00007ffce77d0000 - 0x00007ffce77da000 	C:\Program Files\Java\jdk-21\bin\jimage.dll
0x00007ffce1830000 - 0x00007ffce1a31000 	C:\Windows\SYSTEM32\DBGHELP.DLL
0x00007ffcd3590000 - 0x00007ffcd35c4000 	C:\Windows\SYSTEM32\dbgcore.DLL
0x00007ffcec5e0000 - 0x00007ffcec662000 	C:\Windows\System32\bcryptPrimitives.dll
0x00007ffce75b0000 - 0x00007ffce75cf000 	C:\Program Files\Java\jdk-21\bin\java.dll

dbghelp: loaded successfully - version: 4.0.5 - missing functions: none
symbol engine: initialized successfully - sym options: 0x614 - pdb path: .;C:\Program Files\Java\jdk-21\bin;C:\Windows\SYSTEM32;C:\Windows\WinSxS\amd64_microsoft.windows.common-controls_6595b64144ccf1df_6.0.19041.6456_none_60b8a6cb71f64256;C:\Program Files\Java\jdk-21\bin\server

VM Arguments:
jvm_args: -Dfile.encoding=UTF-8 -Dstdout.encoding=UTF-8 -Dstderr.encoding=UTF-8 -XX:+ShowCodeDetailsInExceptionMessages 
java_command: example.Arrtest10
java_class_path (initial): C:\JavaClass\chapter04\bin
Launcher Type: SUN_STANDARD

[Global flags]
     intx CICompilerCount                          = 3                                         {product} {ergonomic}
     uint ConcGCThreads                            = 2                                         {product} {ergonomic}
     uint G1ConcRefinementThreads                  = 6                                         {product} {ergonomic}
   size_t G1HeapRegionSize                         = 2097152                                   {product} {ergonomic}
    uintx GCDrainStackTargetSize                   = 64                                        {product} {ergonomic}
   size_t InitialHeapSize                          = 268435456                                 {product} {ergonomic}
   size_t MarkStackSize                            = 4194304                                   {product} {ergonomic}
   size_t MaxHeapSize                              = 4282384384                                {product} {ergonomic}
   size_t MinHeapDeltaBytes                        = 2097152                                   {product} {ergonomic}
   size_t MinHeapSize                              = 8388608                                   {product} {ergonomic}
    uintx NonNMethodCodeHeapSize                   = 5832780                                {pd product} {ergonomic}
    uintx NonProfiledCodeHeapSize                  = 122912730                              {pd product} {ergonomic}
    uintx ProfiledCodeHeapSize                     = 122912730                              {pd product} {ergonomic}
    uintx ReservedCodeCacheSize                    = 251658240                              {pd product} {ergonomic}
     bool SegmentedCodeCache                       = true                                      {product} {ergonomic}
     bool ShowCodeDetailsInExceptionMessages       = true                                   {manageable} {command line}
   size_t SoftMaxHeapSize                          = 4282384384                             {manageable} {ergonomic}
     bool UseCompressedOops                        = true                           {product lp64_product} {ergonomic}
     bool UseG1GC                                  = true                                      {product} {ergonomic}
     bool UseLargePagesIndividualAllocation        = false                                  {pd product} {ergonomic}

Logging:
Log output configuration:
 #0: stdout all=warning uptime,level,tags foldmultilines=false
 #1: stderr all=off uptime,level,tags foldmultilines=false

Environment Variables:
PATH=%JAVA_HOME%\bin;C:\Program Files\Common Files\Oracle\Java\javapath;C:\Program Files (x86)\Common Files\Intel\Shared Libraries\redist\intel64_win\compiler;C:\Windows\system32;C:\Windows;C:\Windows\System32\Wbem;C:\Windows\System32\WindowsPowerShell\v1.0\;C:\Windows\System32\OpenSSH\;C:\Program Files\Bandizip\;C:\Program Files\dotnet\;C:\Program Files\Common Files\Autodesk Shared\;C:\Program Files\Microsoft SQL Server\120\Tools\Binn\;C:\Program Files\Git\cmd;C:\Program Files\nodejs\;C:\Users\Administrator\AppData\Local\Microsoft\WindowsApps;C:\Users\Administrator\AppData\Local\Programs\Microsoft VS Code\bin;C:\Users\Administrator\AppData\Roaming\npm
USERNAME=Administrator
OS=Windows_NT
PROCESSOR_IDENTIFIER=Intel64 Family 6 Model 158 Stepping 10, GenuineIntel
TMP=C:\Users\ADMINI~1\AppData\Local\Temp
TEMP=C:\Users\ADMINI~1\AppData\Local\Temp




Periodic native trim disabled

---------------  S Y S T E M  ---------------

OS:
 Windows 10 , 64 bit Build 19041 (10.0.19041.5915)
OS uptime: 0 days 7:23 hours

CPU: total 6 (initial active 6) (6 cores per cpu, 1 threads per core) family 6 model 158 stepping 10 microcode 0xb4, cx8, cmov, fxsr, mmx, 3dnowpref, sse, sse2, sse3, ssse3, sse4.1, sse4.2, popcnt, lzcnt, tsc, tscinvbit, avx, avx2, aes, erms, clmul, bmi1, bmi2, rtm, adx, fma, vzeroupper, clflush, clflushopt, rdtscp, f16c
Processor Information for all 6 processors :
  Max Mhz: 3000, Current Mhz: 3000, Mhz Limit: 3000

Memory: 4k page, system-wide physical 16332M (9641M free)
TotalPageFile size 18375M (AvailPageFile size 56M)
current process WorkingSet (physical memory assigned to process): 10M, peak: 10M
current process commit charge ("private bytes"): 56M, peak: 312M

vm_info: Java HotSpot(TM) 64-Bit Server VM (21.0.9+7-LTS-338) for windows-amd64 JRE (21.0.9+7-LTS-338), built on 2025-09-26T06:33:49Z by "mach5run" with MS VC++ 17.6 (VS2022)

END.
