#
# There is insufficient memory for the Java Runtime Environment to continue.
# Native memory allocation (mmap) failed to map 268435456 bytes for G1 virtual space
# Possible reasons:
#   The system is out of physical RAM or swap space
#   The process is running with CompressedOops enabled, and the Java Heap may be blocking the growth of the native heap
# Possible solutions:
#   Reduce memory load on the system
#   Increase physical memory or swap space
#   Check if swap backing store is full
#   Decrease Java heap size (-Xmx/-Xms)
#   Decrease number of Java threads
#   Decrease Java thread stack sizes (-Xss)
#   Set larger code cache with -XX:ReservedCodeCacheSize=
#   JVM is running with Zero Based Compressed Oops mode in which the Java heap is
#     placed in the first 32GB address space. The Java Heap base address is the
#     maximum limit for the native heap growth. Please use -XX:HeapBaseMinAddress
#     to set the Java Heap base and to place the Java Heap above 32GB virtual address.
# This output file may be truncated or incomplete.
#
#  Out of Memory Error (os_windows.cpp:3603), pid=6584, tid=13424
#
# JRE version:  (21.0.9+7) (build )
# Java VM: Java HotSpot(TM) 64-Bit Server VM (21.0.9+7-LTS-338, mixed mode, sharing, tiered, compressed oops, compressed class ptrs, g1 gc, windows-amd64)
# No core dump will be written. Minidumps are not enabled by default on client versions of Windows
#

---------------  S U M M A R Y ------------

Command Line: -Dfile.encoding=UTF-8 -Dstdout.encoding=UTF-8 -Dstderr.encoding=UTF-8 -XX:+ShowCodeDetailsInExceptionMessages classpart10.MainClass

Host: Intel(R) Core(TM) i5-8500 CPU @ 3.00GHz, 6 cores, 15G,  Windows 10 , 64 bit Build 19041 (10.0.19041.5915)
Time: Thu Jan  8 17:19:02 2026 elapsed time: 0.031836 seconds (0d 0h 0m 0s)

---------------  T H R E A D  ---------------

Current thread (0x0000016a61dfd270):  JavaThread "Unknown thread" [_thread_in_vm, id=13424, stack(0x0000003b69000000,0x0000003b69100000) (1024K)]

Stack: [0x0000003b69000000,0x0000003b69100000]
Native frames: (J=compiled Java code, j=interpreted, Vv=VM code, C=native code)
V  [jvm.dll+0x6cbf89]
V  [jvm.dll+0x858421]
V  [jvm.dll+0x85a94e]
V  [jvm.dll+0x85b023]
V  [jvm.dll+0x27ebc6]
V  [jvm.dll+0x6c8705]
V  [jvm.dll+0x6bd26a]
V  [jvm.dll+0x354a0a]
V  [jvm.dll+0x35c686]
V  [jvm.dll+0x3af79e]
V  [jvm.dll+0x3afa48]
V  [jvm.dll+0x328d1c]
V  [jvm.dll+0x32987b]
V  [jvm.dll+0x821739]
V  [jvm.dll+0x3bc481]
V  [jvm.dll+0x80a9b8]
V  [jvm.dll+0x45166e]
V  [jvm.dll+0x453261]
C  [jli.dll+0x52a3]
C  [ucrtbase.dll+0x21bb2]
C  [KERNEL32.DLL+0x17374]
C  [ntdll.dll+0x4cc91]


---------------  P R O C E S S  ---------------

Threads class SMR info:
_java_thread_list=0x00007ffd05bffc08, length=0, elements={
}

Java Threads: ( => current thread )
Total: 0

Other Threads:
  0x0000016a63fafb70 WorkerThread "GC Thread#0"                     [id=14544, stack(0x0000003b69100000,0x0000003b69200000) (1024K)]
  0x0000016a63fc09a0 ConcurrentGCThread "G1 Main Marker"            [id=5104, stack(0x0000003b69200000,0x0000003b69300000) (1024K)]
  0x0000016a63fc3520 WorkerThread "G1 Conc#0"                       [id=12772, stack(0x0000003b69300000,0x0000003b69400000) (1024K)]

[error occurred during error reporting (printing all threads), id 0xc0000005, EXCEPTION_ACCESS_VIOLATION (0xc0000005) at pc=0x00007ffd0536b4a7]
VM state: not at safepoint (not fully initialized)

VM Mutex/Monitor currently owned by a thread:  ([mutex/lock_event])
[0x00007ffd05c70ef0] Heap_lock - owner thread: 0x0000016a61dfd270

Heap address: 0x0000000700c00000, size: 4084 MB, Compressed Oops mode: Zero based, Oop shift amount: 3

CDS archive(s) mapped at: [0x0000000000000000-0x0000000000000000-0x0000000000000000), size 0, SharedBaseAddress: 0x0000000800000000, ArchiveRelocationMode: 1.
Narrow klass base: 0x0000000000000000, Narrow klass shift: 0, Narrow klass range: 0x0

GC Precious Log:
 CardTable entry size: 512
 Card Set container configuration: InlinePtr #cards 4 size 8 Array Of Cards #cards 16 size 48 Howl #buckets 8 coarsen threshold 3686 Howl Bitmap #cards 512 size 80 coarsen threshold 460 Card regions per heap region 1 cards per card region 4096

Heap:
 garbage-first heap   total 0K, used 0K [0x0000000700c00000, 0x0000000800000000)
  region size 2048K, 0 young (0K), 0 survivors (0K)

[error occurred during error reporting (printing heap information), id 0xc0000005, EXCEPTION_ACCESS_VIOLATION (0xc0000005) at pc=0x00007ffd05754ff9]
GC Heap History (0 events):
No events

Dll operation events (1 events):
Event: 0.008 Loaded shared library C:\Program Files\Java\jdk-21\bin\java.dll

Deoptimization events (0 events):
No events

Classes loaded (0 events):
No events

Classes unloaded (0 events):
No events

Classes redefined (0 events):
No events

Internal exceptions (0 events):
No events

ZGC Phase Switch (0 events):
No events

VM Operations (0 events):
No events

Events (0 events):
No events


Dynamic libraries:
0x00007ff7fce40000 - 0x00007ff7fce50000 	C:\Program Files\Java\jdk-21\bin\javaw.exe
0x00007ffd3e990000 - 0x00007ffd3eb88000 	C:\Windows\SYSTEM32\ntdll.dll
0x00007ffd3d790000 - 0x00007ffd3d852000 	C:\Windows\System32\KERNEL32.DLL
0x00007ffd3c4d0000 - 0x00007ffd3c7c6000 	C:\Windows\System32\KERNELBASE.dll
0x00007ffd3c1f0000 - 0x00007ffd3c2f0000 	C:\Windows\System32\ucrtbase.dll
0x00007ffd36440000 - 0x00007ffd36459000 	C:\Program Files\Java\jdk-21\bin\jli.dll
0x00007ffd34fd0000 - 0x00007ffd34feb000 	C:\Program Files\Java\jdk-21\bin\VCRUNTIME140.dll
0x00007ffd3e830000 - 0x00007ffd3e8e1000 	C:\Windows\System32\ADVAPI32.dll
0x00007ffd3da50000 - 0x00007ffd3daee000 	C:\Windows\System32\msvcrt.dll
0x00007ffd3e0e0000 - 0x00007ffd3e17f000 	C:\Windows\System32\sechost.dll
0x00007ffd3df20000 - 0x00007ffd3e040000 	C:\Windows\System32\RPCRT4.dll
0x00007ffd3c7d0000 - 0x00007ffd3c7f7000 	C:\Windows\System32\bcrypt.dll
0x00007ffd3e310000 - 0x00007ffd3e4b1000 	C:\Windows\System32\USER32.dll
0x00007ffd3c1c0000 - 0x00007ffd3c1e2000 	C:\Windows\System32\win32u.dll
0x00007ffd3d860000 - 0x00007ffd3d88b000 	C:\Windows\System32\GDI32.dll
0x00007ffd3c890000 - 0x00007ffd3c9a9000 	C:\Windows\System32\gdi32full.dll
0x00007ffd3c120000 - 0x00007ffd3c1bd000 	C:\Windows\System32\msvcp_win.dll
0x00007ffd280e0000 - 0x00007ffd2837b000 	C:\Windows\WinSxS\amd64_microsoft.windows.common-controls_6595b64144ccf1df_6.0.19041.6456_none_60b8a6cb71f64256\COMCTL32.dll
0x00007ffd36380000 - 0x00007ffd3638a000 	C:\Windows\SYSTEM32\VERSION.dll
0x00007ffd3e0a0000 - 0x00007ffd3e0cf000 	C:\Windows\System32\IMM32.DLL
0x00007ffd393b0000 - 0x00007ffd393bc000 	C:\Program Files\Java\jdk-21\bin\vcruntime140_1.dll
0x00007ffd21cf0000 - 0x00007ffd21d7e000 	C:\Program Files\Java\jdk-21\bin\msvcp140.dll
0x00007ffd05030000 - 0x00007ffd05d4d000 	C:\Program Files\Java\jdk-21\bin\server\jvm.dll
0x00007ffd3e5b0000 - 0x00007ffd3e61b000 	C:\Windows\System32\WS2_32.dll
0x00007ffd3be80000 - 0x00007ffd3becb000 	C:\Windows\SYSTEM32\POWRPROF.dll
0x00007ffd32580000 - 0x00007ffd325a7000 	C:\Windows\SYSTEM32\WINMM.dll
0x00007ffd3be60000 - 0x00007ffd3be72000 	C:\Windows\SYSTEM32\UMPDC.dll
0x00007ffd39e80000 - 0x00007ffd39e92000 	C:\Windows\SYSTEM32\kernel.appcore.dll
0x00007ffd39370000 - 0x00007ffd3937a000 	C:\Program Files\Java\jdk-21\bin\jimage.dll
0x00007ffd31ae0000 - 0x00007ffd31ce1000 	C:\Windows\SYSTEM32\DBGHELP.DLL
0x00007ffd222e0000 - 0x00007ffd22314000 	C:\Windows\SYSTEM32\dbgcore.DLL
0x00007ffd3c800000 - 0x00007ffd3c882000 	C:\Windows\System32\bcryptPrimitives.dll
0x00007ffd33500000 - 0x00007ffd3351f000 	C:\Program Files\Java\jdk-21\bin\java.dll

dbghelp: loaded successfully - version: 4.0.5 - missing functions: none
symbol engine: initialized successfully - sym options: 0x614 - pdb path: .;C:\Program Files\Java\jdk-21\bin;C:\Windows\SYSTEM32;C:\Windows\WinSxS\amd64_microsoft.windows.common-controls_6595b64144ccf1df_6.0.19041.6456_none_60b8a6cb71f64256;C:\Program Files\Java\jdk-21\bin\server

VM Arguments:
jvm_args: -Dfile.encoding=UTF-8 -Dstdout.encoding=UTF-8 -Dstderr.encoding=UTF-8 -XX:+ShowCodeDetailsInExceptionMessages 
java_command: classpart10.MainClass
java_class_path (initial): C:\JavaClass\chapter05\bin
Launcher Type: SUN_STANDARD

[Global flags]
     intx CICompilerCount                          = 3                                         {product} {ergonomic}
     uint ConcGCThreads                            = 2                                         {product} {ergonomic}
     uint G1ConcRefinementThreads                  = 6                                         {product} {ergonomic}
   size_t G1HeapRegionSize                         = 2097152                                   {product} {ergonomic}
    uintx GCDrainStackTargetSize                   = 64                                        {product} {ergonomic}
   size_t InitialHeapSize                          = 268435456                                 {product} {ergonomic}
   size_t MarkStackSize                            = 4194304                                   {product} {ergonomic}
   size_t MaxHeapSize                              = 4282384384                                {product} {ergonomic}
   size_t MinHeapDeltaBytes                        = 2097152                                   {product} {ergonomic}
   size_t MinHeapSize                              = 8388608                                   {product} {ergonomic}
    uintx NonNMethodCodeHeapSize                   = 5832780                                {pd product} {ergonomic}
    uintx NonProfiledCodeHeapSize                  = 122912730                              {pd product} {ergonomic}
    uintx ProfiledCodeHeapSize                     = 122912730                              {pd product} {ergonomic}
    uintx ReservedCodeCacheSize                    = 251658240                              {pd product} {ergonomic}
     bool SegmentedCodeCache                       = true                                      {product} {ergonomic}
     bool ShowCodeDetailsInExceptionMessages       = true                                   {manageable} {command line}
   size_t SoftMaxHeapSize                          = 4282384384                             {manageable} {ergonomic}
     bool UseCompressedOops                        = true                           {product lp64_product} {ergonomic}
     bool UseG1GC                                  = true                                      {product} {ergonomic}
     bool UseLargePagesIndividualAllocation        = false                                  {pd product} {ergonomic}

Logging:
Log output configuration:
 #0: stdout all=warning uptime,level,tags foldmultilines=false
 #1: stderr all=off uptime,level,tags foldmultilines=false

Environment Variables:
PATH=%JAVA_HOME%\bin;C:\Program Files\Common Files\Oracle\Java\javapath;C:\Program Files (x86)\Common Files\Intel\Shared Libraries\redist\intel64_win\compiler;C:\Windows\system32;C:\Windows;C:\Windows\System32\Wbem;C:\Windows\System32\WindowsPowerShell\v1.0\;C:\Windows\System32\OpenSSH\;C:\Program Files\Bandizip\;C:\Program Files\dotnet\;C:\Program Files\Common Files\Autodesk Shared\;C:\Program Files\Microsoft SQL Server\120\Tools\Binn\;C:\Program Files\Git\cmd;C:\Program Files\nodejs\;C:\Users\Administrator\AppData\Local\Microsoft\WindowsApps;C:\Users\Administrator\AppData\Local\Programs\Microsoft VS Code\bin;C:\Users\Administrator\AppData\Roaming\npm
USERNAME=Administrator
OS=Windows_NT
PROCESSOR_IDENTIFIER=Intel64 Family 6 Model 158 Stepping 10, GenuineIntel
TMP=C:\Users\ADMINI~1\AppData\Local\Temp
TEMP=C:\Users\ADMINI~1\AppData\Local\Temp




Periodic native trim disabled

---------------  S Y S T E M  ---------------

OS:
 Windows 10 , 64 bit Build 19041 (10.0.19041.5915)
OS uptime: 0 days 8:52 hours

CPU: total 6 (initial active 6) (6 cores per cpu, 1 threads per core) family 6 model 158 stepping 10 microcode 0xb4, cx8, cmov, fxsr, mmx, 3dnowpref, sse, sse2, sse3, ssse3, sse4.1, sse4.2, popcnt, lzcnt, tsc, tscinvbit, avx, avx2, aes, erms, clmul, bmi1, bmi2, rtm, adx, fma, vzeroupper, clflush, clflushopt, rdtscp, f16c
Processor Information for all 6 processors :
  Max Mhz: 3000, Current Mhz: 3000, Mhz Limit: 3000

Memory: 4k page, system-wide physical 16332M (9570M free)
TotalPageFile size 18340M (AvailPageFile size 194M)
current process WorkingSet (physical memory assigned to process): 10M, peak: 10M
current process commit charge ("private bytes"): 56M, peak: 312M

vm_info: Java HotSpot(TM) 64-Bit Server VM (21.0.9+7-LTS-338) for windows-amd64 JRE (21.0.9+7-LTS-338), built on 2025-09-26T06:33:49Z by "mach5run" with MS VC++ 17.6 (VS2022)

END.
